<?xml version="1.0" encoding="UTF-8"?>
<!-- Generated by org.testng.reporters.JUnitXMLReporter -->
<testsuite ignored="0" hostname="DESKTOP-2RSQUL4" failures="0" tests="25" name="Regression" time="150.53" errors="0" timestamp="2022-03-20T12:38:18 GST">
  <testcase classname="Scripts.Admin.TestAdminLogin" name="VerifyInvalidUsernamePassword" time="4.92"/>
  <testcase classname="Scripts.Admin.TestAdminLogin" name="VerifyInvalidUsernameValidPassword" time="1.824"/>
  <testcase classname="Scripts.Admin.TestAdminLogin" name="VerifyValidUsernameInvalidPassword" time="1.41"/>
  <testcase classname="Scripts.Admin.TestAdminLogin" name="VerifyBlankUsernamePassword" time="0.582"/>
  <testcase classname="Scripts.Admin.TestAdminLogin" name="VerifyLoginAsAdmin" time="1.624"/>
  <testcase classname="Scripts.Admin.TestAdminLogin" name="VerifyTotalElementsLoginPage" time="0.165"/>
  <testcase classname="Scripts.Admin.TestAdminAddNewPost" name="VerifyAddnewPostWithBlanKdATA" time="3.165"/>
  <testcase classname="Scripts.Admin.TestAdminAddNewPost" name="VerifyAddnewPost" time="2.219"/>
  <testcase classname="Scripts.Admin.TestAdminAddNewPost" name="VerifyEditNewPostInHomepageInvalidData" time="4.762"/>
  <testcase classname="Scripts.Admin.TestAdminAddNewPost" name="VerifyEditNewPostInHomepage" time="8.267"/>
  <testcase classname="Scripts.Admin.TestAdminAddNewPost" name="VerifyDeletePostInHomepage" time="2.158"/>
  <testcase classname="Scripts.Admin.TestAdminAddNewPost" name="VerifyTotalElements" time="0.114"/>
  <testcase classname="Scripts.Admin.TestAdminAllPostPage" name="VerifyEditNewPostInAllPostpageINVALIDATA" time="4.737"/>
  <testcase classname="Scripts.Admin.TestAdminAllPostPage" name="VerifyEditNewPostInAllPostpage" time="3.108"/>
  <testcase classname="Scripts.Admin.TestAdminAllPostPage" name="VerifyDeletePostInAllPostpage" time="2.455"/>
  <testcase classname="Scripts.Admin.TestAdminMyPostPage" name="VerifyEditNewPostInMyPostpage" time="6.093"/>
  <testcase classname="Scripts.Admin.TestAdminMyPostPage" name="VerifyEditNewPostInMyPostpageINVALIDATA" time="5.386"/>
  <testcase classname="Scripts.Admin.TestAdminMyPostPage" name="VerifyDeletePostInMyPostpage" time="1.275"/>
  <testcase classname="Scripts.Admin.TestPostApprovalAndReject" name="VerifyLoginAsUser" time="1.734"/>
  <testcase classname="Scripts.Admin.TestPostApprovalAndReject" name="VerifyPostApproval" time="13.66"/>
  <testcase classname="Scripts.Admin.TestPostApprovalAndReject" name="VerifyPostReject" time="4.984"/>
  <testcase classname="Scripts.Admin.AddRemoveCategory" name="AddCategoryValidData" time="7.955"/>
  <testcase classname="Scripts.Admin.AddRemoveCategory" name="AddCategoryInVaildData" time="0.962"/>
  <testcase classname="Scripts.Admin.AddRemoveCategory" name="AddCategoryAlreadyExists" time="1.182"/>
  <testcase classname="Scripts.Admin.AddRemoveCategory" name="RemoveCategory" time="0.351"/>
</testsuite> <!-- Regression -->
